15:26:14.657 [main] INFO  com.ayuan.staging.StagingApplication - Starting StagingApplication on LAPTOP-K1JH64NC with PID 18072 (D:\MYPROJECT\staging\target\classes started by sYuan in D:\MYPROJECT\staging)
15:26:14.666 [main] INFO  com.ayuan.staging.StagingApplication - The following profiles are active: test
15:26:15.558 [main] INFO  org.apache.coyote.http11.Http11NioProtocol - Initializing ProtocolHandler ["http-nio-9999"]
15:26:15.559 [main] INFO  org.apache.catalina.core.StandardService - Starting service [Tomcat]
15:26:15.559 [main] INFO  org.apache.catalina.core.StandardEngine - Starting Servlet engine: [Apache Tomcat/9.0.37]
15:26:15.560 [main] INFO  org.apache.catalina.core.AprLifecycleListener - Loaded Apache Tomcat Native library [1.2.23] using APR version [1.7.0].
15:26:15.561 [main] INFO  org.apache.catalina.core.AprLifecycleListener - APR capabilities: IPv6 [true], sendfile [true], accept filters [false], random [true].
15:26:15.561 [main] INFO  org.apache.catalina.core.AprLifecycleListener - APR/OpenSSL configuration: useAprConnector [false], useOpenSSL [true]
15:26:15.570 [main] INFO  org.apache.catalina.core.AprLifecycleListener - OpenSSL successfully initialized [OpenSSL 1.1.1c  28 May 2019]
15:26:15.641 [main] INFO  org.apache.catalina.core.ContainerBase.[Tomcat].[localhost].[/] - Initializing Spring embedded WebApplicationContext
15:26:15.772 [main] INFO  com.alibaba.druid.spring.boot.autoconfigure.DruidDataSourceAutoConfigure - Init DruidDataSource
15:26:18.275 [main] ERROR com.alibaba.druid.pool.DruidDataSource - init datasource error, url: jdbc:mysql://localhost:3306/staging?serverTimezone=UTC
com.mysql.cj.jdbc.exceptions.CommunicationsException: Communications link failure

The last packet sent successfully to the server was 0 milliseconds ago. The driver has not received any packets from the server.
	at com.mysql.cj.jdbc.exceptions.SQLError.createCommunicationsException(SQLError.java:174) ~[mysql-connector-java-8.0.20.jar:8.0.20]
	at com.mysql.cj.jdbc.exceptions.SQLExceptionsMapping.translateException(SQLExceptionsMapping.java:64) ~[mysql-connector-java-8.0.20.jar:8.0.20]
	at com.mysql.cj.jdbc.ConnectionImpl.createNewIO(ConnectionImpl.java:836) ~[mysql-connector-java-8.0.20.jar:8.0.20]
	at com.mysql.cj.jdbc.ConnectionImpl.<init>(ConnectionImpl.java:456) ~[mysql-connector-java-8.0.20.jar:8.0.20]
	at com.mysql.cj.jdbc.ConnectionImpl.getInstance(ConnectionImpl.java:246) ~[mysql-connector-java-8.0.20.jar:8.0.20]
	at com.mysql.cj.jdbc.NonRegisteringDriver.connect(NonRegisteringDriver.java:197) ~[mysql-connector-java-8.0.20.jar:8.0.20]
	at com.alibaba.druid.filter.FilterChainImpl.connection_connect(FilterChainImpl.java:156) ~[druid-1.1.21.jar:1.1.21]
	at com.alibaba.druid.filter.stat.StatFilter.connection_connect(StatFilter.java:218) ~[druid-1.1.21.jar:1.1.21]
	at com.alibaba.druid.filter.FilterChainImpl.connection_connect(FilterChainImpl.java:150) ~[druid-1.1.21.jar:1.1.21]
	at com.alibaba.druid.pool.DruidAbstractDataSource.createPhysicalConnection(DruidAbstractDataSource.java:1646) ~[druid-1.1.21.jar:1.1.21]
	at com.alibaba.druid.pool.DruidAbstractDataSource.createPhysicalConnection(DruidAbstractDataSource.java:1710) ~[druid-1.1.21.jar:1.1.21]
	at com.alibaba.druid.pool.DruidDataSource.init(DruidDataSource.java:939) ~[druid-1.1.21.jar:1.1.21]
	at sun.reflect.NativeMethodAccessorImpl.invoke0(Native Method) ~[?:1.8.0_221]
	at sun.reflect.NativeMethodAccessorImpl.invoke(NativeMethodAccessorImpl.java:62) ~[?:1.8.0_221]
	at sun.reflect.DelegatingMethodAccessorImpl.invoke(DelegatingMethodAccessorImpl.java:43) ~[?:1.8.0_221]
	at java.lang.reflect.Method.invoke(Method.java:498) ~[?:1.8.0_221]
	at org.springframework.beans.factory.support.AbstractAutowireCapableBeanFactory.invokeCustomInitMethod(AbstractAutowireCapableBeanFactory.java:1920) ~[spring-beans-5.2.8.RELEASE.jar:5.2.8.RELEASE]
	at org.springframework.beans.factory.support.AbstractAutowireCapableBeanFactory.invokeInitMethods(AbstractAutowireCapableBeanFactory.java:1862) ~[spring-beans-5.2.8.RELEASE.jar:5.2.8.RELEASE]
	at org.springframework.beans.factory.support.AbstractAutowireCapableBeanFactory.initializeBean(AbstractAutowireCapableBeanFactory.java:1790) ~[spring-beans-5.2.8.RELEASE.jar:5.2.8.RELEASE]
	at org.springframework.beans.factory.support.AbstractAutowireCapableBeanFactory.doCreateBean(AbstractAutowireCapableBeanFactory.java:594) ~[spring-beans-5.2.8.RELEASE.jar:5.2.8.RELEASE]
	at org.springframework.beans.factory.support.AbstractAutowireCapableBeanFactory.createBean(AbstractAutowireCapableBeanFactory.java:516) ~[spring-beans-5.2.8.RELEASE.jar:5.2.8.RELEASE]
	at org.springframework.beans.factory.support.AbstractBeanFactory.lambda$doGetBean$0(AbstractBeanFactory.java:324) ~[spring-beans-5.2.8.RELEASE.jar:5.2.8.RELEASE]
	at org.springframework.beans.factory.support.DefaultSingletonBeanRegistry.getSingleton(DefaultSingletonBeanRegistry.java:226) ~[spring-beans-5.2.8.RELEASE.jar:5.2.8.RELEASE]
	at org.springframework.beans.factory.support.AbstractBeanFactory.doGetBean(AbstractBeanFactory.java:322) ~[spring-beans-5.2.8.RELEASE.jar:5.2.8.RELEASE]
	at org.springframework.beans.factory.support.AbstractBeanFactory.getBean(AbstractBeanFactory.java:202) ~[spring-beans-5.2.8.RELEASE.jar:5.2.8.RELEASE]
	at org.springframework.beans.factory.config.DependencyDescriptor.resolveCandidate(DependencyDescriptor.java:276) ~[spring-beans-5.2.8.RELEASE.jar:5.2.8.RELEASE]
	at org.springframework.beans.factory.support.DefaultListableBeanFactory.doResolveDependency(DefaultListableBeanFactory.java:1307) ~[spring-beans-5.2.8.RELEASE.jar:5.2.8.RELEASE]
	at org.springframework.beans.factory.support.DefaultListableBeanFactory.resolveDependency(DefaultListableBeanFactory.java:1227) ~[spring-beans-5.2.8.RELEASE.jar:5.2.8.RELEASE]
	at org.springframework.beans.factory.support.ConstructorResolver.resolveAutowiredArgument(ConstructorResolver.java:884) ~[spring-beans-5.2.8.RELEASE.jar:5.2.8.RELEASE]
	at org.springframework.beans.factory.support.ConstructorResolver.createArgumentArray(ConstructorResolver.java:788) ~[spring-beans-5.2.8.RELEASE.jar:5.2.8.RELEASE]
	at org.springframework.beans.factory.support.ConstructorResolver.instantiateUsingFactoryMethod(ConstructorResolver.java:538) ~[spring-beans-5.2.8.RELEASE.jar:5.2.8.RELEASE]
	at org.springframework.beans.factory.support.AbstractAutowireCapableBeanFactory.instantiateUsingFactoryMethod(AbstractAutowireCapableBeanFactory.java:1336) ~[spring-beans-5.2.8.RELEASE.jar:5.2.8.RELEASE]
	at org.springframework.beans.factory.support.AbstractAutowireCapableBeanFactory.createBeanInstance(AbstractAutowireCapableBeanFactory.java:1176) ~[spring-beans-5.2.8.RELEASE.jar:5.2.8.RELEASE]
	at org.springframework.beans.factory.support.AbstractAutowireCapableBeanFactory.doCreateBean(AbstractAutowireCapableBeanFactory.java:556) ~[spring-beans-5.2.8.RELEASE.jar:5.2.8.RELEASE]
	at org.springframework.beans.factory.support.AbstractAutowireCapableBeanFactory.createBean(AbstractAutowireCapableBeanFactory.java:516) ~[spring-beans-5.2.8.RELEASE.jar:5.2.8.RELEASE]
	at org.springframework.beans.factory.support.AbstractBeanFactory.lambda$doGetBean$0(AbstractBeanFactory.java:324) ~[spring-beans-5.2.8.RELEASE.jar:5.2.8.RELEASE]
	at org.springframework.beans.factory.support.DefaultSingletonBeanRegistry.getSingleton(DefaultSingletonBeanRegistry.java:226) ~[spring-beans-5.2.8.RELEASE.jar:5.2.8.RELEASE]
	at org.springframework.beans.factory.support.AbstractBeanFactory.doGetBean(AbstractBeanFactory.java:322) ~[spring-beans-5.2.8.RELEASE.jar:5.2.8.RELEASE]
	at org.springframework.beans.factory.support.AbstractBeanFactory.getBean(AbstractBeanFactory.java:202) ~[spring-beans-5.2.8.RELEASE.jar:5.2.8.RELEASE]
	at org.springframework.beans.factory.config.DependencyDescriptor.resolveCandidate(DependencyDescriptor.java:276) ~[spring-beans-5.2.8.RELEASE.jar:5.2.8.RELEASE]
	at org.springframework.beans.factory.support.DefaultListableBeanFactory.doResolveDependency(DefaultListableBeanFactory.java:1307) ~[spring-beans-5.2.8.RELEASE.jar:5.2.8.RELEASE]
	at org.springframework.beans.factory.support.DefaultListableBeanFactory.resolveDependency(DefaultListableBeanFactory.java:1227) ~[spring-beans-5.2.8.RELEASE.jar:5.2.8.RELEASE]
	at org.springframework.beans.factory.support.AbstractAutowireCapableBeanFactory.autowireByType(AbstractAutowireCapableBeanFactory.java:1509) ~[spring-beans-5.2.8.RELEASE.jar:5.2.8.RELEASE]
	at org.springframework.beans.factory.support.AbstractAutowireCapableBeanFactory.populateBean(AbstractAutowireCapableBeanFactory.java:1404) ~[spring-beans-5.2.8.RELEASE.jar:5.2.8.RELEASE]
	at org.springframework.beans.factory.support.AbstractAutowireCapableBeanFactory.doCreateBean(AbstractAutowireCapableBeanFactory.java:593) ~[spring-beans-5.2.8.RELEASE.jar:5.2.8.RELEASE]
	at org.springframework.beans.factory.support.AbstractAutowireCapableBeanFactory.createBean(AbstractAutowireCapableBeanFactory.java:516) ~[spring-beans-5.2.8.RELEASE.jar:5.2.8.RELEASE]
	at org.springframework.beans.factory.support.AbstractBeanFactory.lambda$doGetBean$0(AbstractBeanFactory.java:324) ~[spring-beans-5.2.8.RELEASE.jar:5.2.8.RELEASE]
	at org.springframework.beans.factory.support.DefaultSingletonBeanRegistry.getSingleton(DefaultSingletonBeanRegistry.java:226) ~[spring-beans-5.2.8.RELEASE.jar:5.2.8.RELEASE]
	at org.springframework.beans.factory.support.AbstractBeanFactory.doGetBean(AbstractBeanFactory.java:322) ~[spring-beans-5.2.8.RELEASE.jar:5.2.8.RELEASE]
	at org.springframework.beans.factory.support.AbstractBeanFactory.getBean(AbstractBeanFactory.java:202) ~[spring-beans-5.2.8.RELEASE.jar:5.2.8.RELEASE]
	at org.springframework.beans.factory.config.DependencyDescriptor.resolveCandidate(DependencyDescriptor.java:276) ~[spring-beans-5.2.8.RELEASE.jar:5.2.8.RELEASE]
	at org.springframework.beans.factory.support.DefaultListableBeanFactory.doResolveDependency(DefaultListableBeanFactory.java:1307) ~[spring-beans-5.2.8.RELEASE.jar:5.2.8.RELEASE]
	at org.springframework.beans.factory.support.DefaultListableBeanFactory.resolveDependency(DefaultListableBeanFactory.java:1227) ~[spring-beans-5.2.8.RELEASE.jar:5.2.8.RELEASE]
	at org.springframework.beans.factory.annotation.AutowiredAnnotationBeanPostProcessor$AutowiredFieldElement.inject(AutowiredAnnotationBeanPostProcessor.java:640) ~[spring-beans-5.2.8.RELEASE.jar:5.2.8.RELEASE]
	at org.springframework.beans.factory.annotation.InjectionMetadata.inject(InjectionMetadata.java:130) ~[spring-beans-5.2.8.RELEASE.jar:5.2.8.RELEASE]
	at org.springframework.beans.factory.annotation.AutowiredAnnotationBeanPostProcessor.postProcessProperties(AutowiredAnnotationBeanPostProcessor.java:399) ~[spring-beans-5.2.8.RELEASE.jar:5.2.8.RELEASE]
	at org.springframework.beans.factory.support.AbstractAutowireCapableBeanFactory.populateBean(AbstractAutowireCapableBeanFactory.java:1420) ~[spring-beans-5.2.8.RELEASE.jar:5.2.8.RELEASE]
	at org.springframework.beans.factory.support.AbstractAutowireCapableBeanFactory.doCreateBean(AbstractAutowireCapableBeanFactory.java:593) ~[spring-beans-5.2.8.RELEASE.jar:5.2.8.RELEASE]
	at org.springframework.beans.factory.support.AbstractAutowireCapableBeanFactory.createBean(AbstractAutowireCapableBeanFactory.java:516) ~[spring-beans-5.2.8.RELEASE.jar:5.2.8.RELEASE]
	at org.springframework.beans.factory.support.AbstractBeanFactory.lambda$doGetBean$0(AbstractBeanFactory.java:324) ~[spring-beans-5.2.8.RELEASE.jar:5.2.8.RELEASE]
	at org.springframework.beans.factory.support.DefaultSingletonBeanRegistry.getSingleton(DefaultSingletonBeanRegistry.java:226) [spring-beans-5.2.8.RELEASE.jar:5.2.8.RELEASE]
	at org.springframework.beans.factory.support.AbstractBeanFactory.doGetBean(AbstractBeanFactory.java:322) [spring-beans-5.2.8.RELEASE.jar:5.2.8.RELEASE]
	at org.springframework.beans.factory.support.AbstractBeanFactory.getBean(AbstractBeanFactory.java:202) [spring-beans-5.2.8.RELEASE.jar:5.2.8.RELEASE]
	at org.springframework.beans.factory.support.DefaultListableBeanFactory.preInstantiateSingletons(DefaultListableBeanFactory.java:897) [spring-beans-5.2.8.RELEASE.jar:5.2.8.RELEASE]
	at org.springframework.context.support.AbstractApplicationContext.finishBeanFactoryInitialization(AbstractApplicationContext.java:879) [spring-context-5.2.8.RELEASE.jar:5.2.8.RELEASE]
	at org.springframework.context.support.AbstractApplicationContext.refresh(AbstractApplicationContext.java:551) [spring-context-5.2.8.RELEASE.jar:5.2.8.RELEASE]
	at org.springframework.boot.web.servlet.context.ServletWebServerApplicationContext.refresh(ServletWebServerApplicationContext.java:143) [spring-boot-2.3.3.RELEASE.jar:2.3.3.RELEASE]
	at org.springframework.boot.SpringApplication.refresh(SpringApplication.java:758) [spring-boot-2.3.3.RELEASE.jar:2.3.3.RELEASE]
	at org.springframework.boot.SpringApplication.refresh(SpringApplication.java:750) [spring-boot-2.3.3.RELEASE.jar:2.3.3.RELEASE]
	at org.springframework.boot.SpringApplication.refreshContext(SpringApplication.java:397) [spring-boot-2.3.3.RELEASE.jar:2.3.3.RELEASE]
	at org.springframework.boot.SpringApplication.run(SpringApplication.java:315) [spring-boot-2.3.3.RELEASE.jar:2.3.3.RELEASE]
	at org.springframework.boot.SpringApplication.run(SpringApplication.java:1237) [spring-boot-2.3.3.RELEASE.jar:2.3.3.RELEASE]
	at org.springframework.boot.SpringApplication.run(SpringApplication.java:1226) [spring-boot-2.3.3.RELEASE.jar:2.3.3.RELEASE]
	at com.ayuan.staging.StagingApplication.main(StagingApplication.java:15) [classes/:?]
Caused by: com.mysql.cj.exceptions.CJCommunicationsException: Communications link failure

The last packet sent successfully to the server was 0 milliseconds ago. The driver has not received any packets from the server.
	at sun.reflect.NativeConstructorAccessorImpl.newInstance0(Native Method) ~[?:1.8.0_221]
	at sun.reflect.NativeConstructorAccessorImpl.newInstance(NativeConstructorAccessorImpl.java:62) ~[?:1.8.0_221]
	at sun.reflect.DelegatingConstructorAccessorImpl.newInstance(DelegatingConstructorAccessorImpl.java:45) ~[?:1.8.0_221]
	at java.lang.reflect.Constructor.newInstance(Constructor.java:423) ~[?:1.8.0_221]
	at com.mysql.cj.exceptions.ExceptionFactory.createException(ExceptionFactory.java:61) ~[mysql-connector-java-8.0.20.jar:8.0.20]
	at com.mysql.cj.exceptions.ExceptionFactory.createException(ExceptionFactory.java:105) ~[mysql-connector-java-8.0.20.jar:8.0.20]
	at com.mysql.cj.exceptions.ExceptionFactory.createException(ExceptionFactory.java:151) ~[mysql-connector-java-8.0.20.jar:8.0.20]
	at com.mysql.cj.exceptions.ExceptionFactory.createCommunicationsException(ExceptionFactory.java:167) ~[mysql-connector-java-8.0.20.jar:8.0.20]
	at com.mysql.cj.protocol.a.NativeProtocol.negotiateSSLConnection(NativeProtocol.java:334) ~[mysql-connector-java-8.0.20.jar:8.0.20]
	at com.mysql.cj.protocol.a.NativeAuthenticationProvider.connect(NativeAuthenticationProvider.java:164) ~[mysql-connector-java-8.0.20.jar:8.0.20]
	at com.mysql.cj.protocol.a.NativeProtocol.connect(NativeProtocol.java:1342) ~[mysql-connector-java-8.0.20.jar:8.0.20]
	at com.mysql.cj.NativeSession.connect(NativeSession.java:157) ~[mysql-connector-java-8.0.20.jar:8.0.20]
	at com.mysql.cj.jdbc.ConnectionImpl.connectOneTryOnly(ConnectionImpl.java:956) ~[mysql-connector-java-8.0.20.jar:8.0.20]
	at com.mysql.cj.jdbc.ConnectionImpl.createNewIO(ConnectionImpl.java:826) ~[mysql-connector-java-8.0.20.jar:8.0.20]
	... 71 more
Caused by: java.net.SocketException: Connection reset
	at java.net.SocketInputStream.read(SocketInputStream.java:210) ~[?:1.8.0_221]
	at java.net.SocketInputStream.read(SocketInputStream.java:141) ~[?:1.8.0_221]
	at sun.security.ssl.InputRecord.readFully(InputRecord.java:465) ~[?:1.8.0_221]
	at sun.security.ssl.InputRecord.read(InputRecord.java:503) ~[?:1.8.0_221]
	at sun.security.ssl.SSLSocketImpl.readRecord(SSLSocketImpl.java:975) ~[?:1.8.0_221]
	at sun.security.ssl.SSLSocketImpl.performInitialHandshake(SSLSocketImpl.java:1367) ~[?:1.8.0_221]
	at sun.security.ssl.SSLSocketImpl.startHandshake(SSLSocketImpl.java:1395) ~[?:1.8.0_221]
	at sun.security.ssl.SSLSocketImpl.startHandshake(SSLSocketImpl.java:1379) ~[?:1.8.0_221]
	at com.mysql.cj.protocol.ExportControlled.performTlsHandshake(ExportControlled.java:336) ~[mysql-connector-java-8.0.20.jar:8.0.20]
	at com.mysql.cj.protocol.StandardSocketFactory.performTlsHandshake(StandardSocketFactory.java:188) ~[mysql-connector-java-8.0.20.jar:8.0.20]
	at com.mysql.cj.protocol.a.NativeSocketConnection.performTlsHandshake(NativeSocketConnection.java:99) ~[mysql-connector-java-8.0.20.jar:8.0.20]
	at com.mysql.cj.protocol.a.NativeProtocol.negotiateSSLConnection(NativeProtocol.java:325) ~[mysql-connector-java-8.0.20.jar:8.0.20]
	at com.mysql.cj.protocol.a.NativeAuthenticationProvider.connect(NativeAuthenticationProvider.java:164) ~[mysql-connector-java-8.0.20.jar:8.0.20]
	at com.mysql.cj.protocol.a.NativeProtocol.connect(NativeProtocol.java:1342) ~[mysql-connector-java-8.0.20.jar:8.0.20]
	at com.mysql.cj.NativeSession.connect(NativeSession.java:157) ~[mysql-connector-java-8.0.20.jar:8.0.20]
	at com.mysql.cj.jdbc.ConnectionImpl.connectOneTryOnly(ConnectionImpl.java:956) ~[mysql-connector-java-8.0.20.jar:8.0.20]
	at com.mysql.cj.jdbc.ConnectionImpl.createNewIO(ConnectionImpl.java:826) ~[mysql-connector-java-8.0.20.jar:8.0.20]
	... 71 more
15:26:18.284 [main] ERROR com.alibaba.druid.pool.DruidDataSource - {dataSource-1} init error
com.mysql.cj.jdbc.exceptions.CommunicationsException: Communications link failure

The last packet sent successfully to the server was 0 milliseconds ago. The driver has not received any packets from the server.
	at com.mysql.cj.jdbc.exceptions.SQLError.createCommunicationsException(SQLError.java:174) ~[mysql-connector-java-8.0.20.jar:8.0.20]
	at com.mysql.cj.jdbc.exceptions.SQLExceptionsMapping.translateException(SQLExceptionsMapping.java:64) ~[mysql-connector-java-8.0.20.jar:8.0.20]
	at com.mysql.cj.jdbc.ConnectionImpl.createNewIO(ConnectionImpl.java:836) ~[mysql-connector-java-8.0.20.jar:8.0.20]
	at com.mysql.cj.jdbc.ConnectionImpl.<init>(ConnectionImpl.java:456) ~[mysql-connector-java-8.0.20.jar:8.0.20]
	at com.mysql.cj.jdbc.ConnectionImpl.getInstance(ConnectionImpl.java:246) ~[mysql-connector-java-8.0.20.jar:8.0.20]
	at com.mysql.cj.jdbc.NonRegisteringDriver.connect(NonRegisteringDriver.java:197) ~[mysql-connector-java-8.0.20.jar:8.0.20]
	at com.alibaba.druid.filter.FilterChainImpl.connection_connect(FilterChainImpl.java:156) ~[druid-1.1.21.jar:1.1.21]
	at com.alibaba.druid.filter.stat.StatFilter.connection_connect(StatFilter.java:218) ~[druid-1.1.21.jar:1.1.21]
	at com.alibaba.druid.filter.FilterChainImpl.connection_connect(FilterChainImpl.java:150) ~[druid-1.1.21.jar:1.1.21]
	at com.alibaba.druid.pool.DruidAbstractDataSource.createPhysicalConnection(DruidAbstractDataSource.java:1646) ~[druid-1.1.21.jar:1.1.21]
	at com.alibaba.druid.pool.DruidAbstractDataSource.createPhysicalConnection(DruidAbstractDataSource.java:1710) ~[druid-1.1.21.jar:1.1.21]
	at com.alibaba.druid.pool.DruidDataSource.init(DruidDataSource.java:939) ~[druid-1.1.21.jar:1.1.21]
	at sun.reflect.NativeMethodAccessorImpl.invoke0(Native Method) ~[?:1.8.0_221]
	at sun.reflect.NativeMethodAccessorImpl.invoke(NativeMethodAccessorImpl.java:62) ~[?:1.8.0_221]
	at sun.reflect.DelegatingMethodAccessorImpl.invoke(DelegatingMethodAccessorImpl.java:43) ~[?:1.8.0_221]
	at java.lang.reflect.Method.invoke(Method.java:498) ~[?:1.8.0_221]
	at org.springframework.beans.factory.support.AbstractAutowireCapableBeanFactory.invokeCustomInitMethod(AbstractAutowireCapableBeanFactory.java:1920) ~[spring-beans-5.2.8.RELEASE.jar:5.2.8.RELEASE]
	at org.springframework.beans.factory.support.AbstractAutowireCapableBeanFactory.invokeInitMethods(AbstractAutowireCapableBeanFactory.java:1862) ~[spring-beans-5.2.8.RELEASE.jar:5.2.8.RELEASE]
	at org.springframework.beans.factory.support.AbstractAutowireCapableBeanFactory.initializeBean(AbstractAutowireCapableBeanFactory.java:1790) ~[spring-beans-5.2.8.RELEASE.jar:5.2.8.RELEASE]
	at org.springframework.beans.factory.support.AbstractAutowireCapableBeanFactory.doCreateBean(AbstractAutowireCapableBeanFactory.java:594) ~[spring-beans-5.2.8.RELEASE.jar:5.2.8.RELEASE]
	at org.springframework.beans.factory.support.AbstractAutowireCapableBeanFactory.createBean(AbstractAutowireCapableBeanFactory.java:516) ~[spring-beans-5.2.8.RELEASE.jar:5.2.8.RELEASE]
	at org.springframework.beans.factory.support.AbstractBeanFactory.lambda$doGetBean$0(AbstractBeanFactory.java:324) ~[spring-beans-5.2.8.RELEASE.jar:5.2.8.RELEASE]
	at org.springframework.beans.factory.support.DefaultSingletonBeanRegistry.getSingleton(DefaultSingletonBeanRegistry.java:226) ~[spring-beans-5.2.8.RELEASE.jar:5.2.8.RELEASE]
	at org.springframework.beans.factory.support.AbstractBeanFactory.doGetBean(AbstractBeanFactory.java:322) ~[spring-beans-5.2.8.RELEASE.jar:5.2.8.RELEASE]
	at org.springframework.beans.factory.support.AbstractBeanFactory.getBean(AbstractBeanFactory.java:202) ~[spring-beans-5.2.8.RELEASE.jar:5.2.8.RELEASE]
	at org.springframework.beans.factory.config.DependencyDescriptor.resolveCandidate(DependencyDescriptor.java:276) ~[spring-beans-5.2.8.RELEASE.jar:5.2.8.RELEASE]
	at org.springframework.beans.factory.support.DefaultListableBeanFactory.doResolveDependency(DefaultListableBeanFactory.java:1307) ~[spring-beans-5.2.8.RELEASE.jar:5.2.8.RELEASE]
	at org.springframework.beans.factory.support.DefaultListableBeanFactory.resolveDependency(DefaultListableBeanFactory.java:1227) ~[spring-beans-5.2.8.RELEASE.jar:5.2.8.RELEASE]
	at org.springframework.beans.factory.support.ConstructorResolver.resolveAutowiredArgument(ConstructorResolver.java:884) ~[spring-beans-5.2.8.RELEASE.jar:5.2.8.RELEASE]
	at org.springframework.beans.factory.support.ConstructorResolver.createArgumentArray(ConstructorResolver.java:788) ~[spring-beans-5.2.8.RELEASE.jar:5.2.8.RELEASE]
	at org.springframework.beans.factory.support.ConstructorResolver.instantiateUsingFactoryMethod(ConstructorResolver.java:538) ~[spring-beans-5.2.8.RELEASE.jar:5.2.8.RELEASE]
	at org.springframework.beans.factory.support.AbstractAutowireCapableBeanFactory.instantiateUsingFactoryMethod(AbstractAutowireCapableBeanFactory.java:1336) ~[spring-beans-5.2.8.RELEASE.jar:5.2.8.RELEASE]
	at org.springframework.beans.factory.support.AbstractAutowireCapableBeanFactory.createBeanInstance(AbstractAutowireCapableBeanFactory.java:1176) ~[spring-beans-5.2.8.RELEASE.jar:5.2.8.RELEASE]
	at org.springframework.beans.factory.support.AbstractAutowireCapableBeanFactory.doCreateBean(AbstractAutowireCapableBeanFactory.java:556) ~[spring-beans-5.2.8.RELEASE.jar:5.2.8.RELEASE]
	at org.springframework.beans.factory.support.AbstractAutowireCapableBeanFactory.createBean(AbstractAutowireCapableBeanFactory.java:516) ~[spring-beans-5.2.8.RELEASE.jar:5.2.8.RELEASE]
	at org.springframework.beans.factory.support.AbstractBeanFactory.lambda$doGetBean$0(AbstractBeanFactory.java:324) ~[spring-beans-5.2.8.RELEASE.jar:5.2.8.RELEASE]
	at org.springframework.beans.factory.support.DefaultSingletonBeanRegistry.getSingleton(DefaultSingletonBeanRegistry.java:226) ~[spring-beans-5.2.8.RELEASE.jar:5.2.8.RELEASE]
	at org.springframework.beans.factory.support.AbstractBeanFactory.doGetBean(AbstractBeanFactory.java:322) ~[spring-beans-5.2.8.RELEASE.jar:5.2.8.RELEASE]
	at org.springframework.beans.factory.support.AbstractBeanFactory.getBean(AbstractBeanFactory.java:202) ~[spring-beans-5.2.8.RELEASE.jar:5.2.8.RELEASE]
	at org.springframework.beans.factory.config.DependencyDescriptor.resolveCandidate(DependencyDescriptor.java:276) ~[spring-beans-5.2.8.RELEASE.jar:5.2.8.RELEASE]
	at org.springframework.beans.factory.support.DefaultListableBeanFactory.doResolveDependency(DefaultListableBeanFactory.java:1307) ~[spring-beans-5.2.8.RELEASE.jar:5.2.8.RELEASE]
	at org.springframework.beans.factory.support.DefaultListableBeanFactory.resolveDependency(DefaultListableBeanFactory.java:1227) ~[spring-beans-5.2.8.RELEASE.jar:5.2.8.RELEASE]
	at org.springframework.beans.factory.support.AbstractAutowireCapableBeanFactory.autowireByType(AbstractAutowireCapableBeanFactory.java:1509) ~[spring-beans-5.2.8.RELEASE.jar:5.2.8.RELEASE]
	at org.springframework.beans.factory.support.AbstractAutowireCapableBeanFactory.populateBean(AbstractAutowireCapableBeanFactory.java:1404) ~[spring-beans-5.2.8.RELEASE.jar:5.2.8.RELEASE]
	at org.springframework.beans.factory.support.AbstractAutowireCapableBeanFactory.doCreateBean(AbstractAutowireCapableBeanFactory.java:593) ~[spring-beans-5.2.8.RELEASE.jar:5.2.8.RELEASE]
	at org.springframework.beans.factory.support.AbstractAutowireCapableBeanFactory.createBean(AbstractAutowireCapableBeanFactory.java:516) ~[spring-beans-5.2.8.RELEASE.jar:5.2.8.RELEASE]
	at org.springframework.beans.factory.support.AbstractBeanFactory.lambda$doGetBean$0(AbstractBeanFactory.java:324) ~[spring-beans-5.2.8.RELEASE.jar:5.2.8.RELEASE]
	at org.springframework.beans.factory.support.DefaultSingletonBeanRegistry.getSingleton(DefaultSingletonBeanRegistry.java:226) ~[spring-beans-5.2.8.RELEASE.jar:5.2.8.RELEASE]
	at org.springframework.beans.factory.support.AbstractBeanFactory.doGetBean(AbstractBeanFactory.java:322) ~[spring-beans-5.2.8.RELEASE.jar:5.2.8.RELEASE]
	at org.springframework.beans.factory.support.AbstractBeanFactory.getBean(AbstractBeanFactory.java:202) ~[spring-beans-5.2.8.RELEASE.jar:5.2.8.RELEASE]
	at org.springframework.beans.factory.config.DependencyDescriptor.resolveCandidate(DependencyDescriptor.java:276) ~[spring-beans-5.2.8.RELEASE.jar:5.2.8.RELEASE]
	at org.springframework.beans.factory.support.DefaultListableBeanFactory.doResolveDependency(DefaultListableBeanFactory.java:1307) ~[spring-beans-5.2.8.RELEASE.jar:5.2.8.RELEASE]
	at org.springframework.beans.factory.support.DefaultListableBeanFactory.resolveDependency(DefaultListableBeanFactory.java:1227) ~[spring-beans-5.2.8.RELEASE.jar:5.2.8.RELEASE]
	at org.springframework.beans.factory.annotation.AutowiredAnnotationBeanPostProcessor$AutowiredFieldElement.inject(AutowiredAnnotationBeanPostProcessor.java:640) ~[spring-beans-5.2.8.RELEASE.jar:5.2.8.RELEASE]
	at org.springframework.beans.factory.annotation.InjectionMetadata.inject(InjectionMetadata.java:130) ~[spring-beans-5.2.8.RELEASE.jar:5.2.8.RELEASE]
	at org.springframework.beans.factory.annotation.AutowiredAnnotationBeanPostProcessor.postProcessProperties(AutowiredAnnotationBeanPostProcessor.java:399) ~[spring-beans-5.2.8.RELEASE.jar:5.2.8.RELEASE]
	at org.springframework.beans.factory.support.AbstractAutowireCapableBeanFactory.populateBean(AbstractAutowireCapableBeanFactory.java:1420) ~[spring-beans-5.2.8.RELEASE.jar:5.2.8.RELEASE]
	at org.springframework.beans.factory.support.AbstractAutowireCapableBeanFactory.doCreateBean(AbstractAutowireCapableBeanFactory.java:593) ~[spring-beans-5.2.8.RELEASE.jar:5.2.8.RELEASE]
	at org.springframework.beans.factory.support.AbstractAutowireCapableBeanFactory.createBean(AbstractAutowireCapableBeanFactory.java:516) ~[spring-beans-5.2.8.RELEASE.jar:5.2.8.RELEASE]
	at org.springframework.beans.factory.support.AbstractBeanFactory.lambda$doGetBean$0(AbstractBeanFactory.java:324) ~[spring-beans-5.2.8.RELEASE.jar:5.2.8.RELEASE]
	at org.springframework.beans.factory.support.DefaultSingletonBeanRegistry.getSingleton(DefaultSingletonBeanRegistry.java:226) [spring-beans-5.2.8.RELEASE.jar:5.2.8.RELEASE]
	at org.springframework.beans.factory.support.AbstractBeanFactory.doGetBean(AbstractBeanFactory.java:322) [spring-beans-5.2.8.RELEASE.jar:5.2.8.RELEASE]
	at org.springframework.beans.factory.support.AbstractBeanFactory.getBean(AbstractBeanFactory.java:202) [spring-beans-5.2.8.RELEASE.jar:5.2.8.RELEASE]
	at org.springframework.beans.factory.support.DefaultListableBeanFactory.preInstantiateSingletons(DefaultListableBeanFactory.java:897) [spring-beans-5.2.8.RELEASE.jar:5.2.8.RELEASE]
	at org.springframework.context.support.AbstractApplicationContext.finishBeanFactoryInitialization(AbstractApplicationContext.java:879) [spring-context-5.2.8.RELEASE.jar:5.2.8.RELEASE]
	at org.springframework.context.support.AbstractApplicationContext.refresh(AbstractApplicationContext.java:551) [spring-context-5.2.8.RELEASE.jar:5.2.8.RELEASE]
	at org.springframework.boot.web.servlet.context.ServletWebServerApplicationContext.refresh(ServletWebServerApplicationContext.java:143) [spring-boot-2.3.3.RELEASE.jar:2.3.3.RELEASE]
	at org.springframework.boot.SpringApplication.refresh(SpringApplication.java:758) [spring-boot-2.3.3.RELEASE.jar:2.3.3.RELEASE]
	at org.springframework.boot.SpringApplication.refresh(SpringApplication.java:750) [spring-boot-2.3.3.RELEASE.jar:2.3.3.RELEASE]
	at org.springframework.boot.SpringApplication.refreshContext(SpringApplication.java:397) [spring-boot-2.3.3.RELEASE.jar:2.3.3.RELEASE]
	at org.springframework.boot.SpringApplication.run(SpringApplication.java:315) [spring-boot-2.3.3.RELEASE.jar:2.3.3.RELEASE]
	at org.springframework.boot.SpringApplication.run(SpringApplication.java:1237) [spring-boot-2.3.3.RELEASE.jar:2.3.3.RELEASE]
	at org.springframework.boot.SpringApplication.run(SpringApplication.java:1226) [spring-boot-2.3.3.RELEASE.jar:2.3.3.RELEASE]
	at com.ayuan.staging.StagingApplication.main(StagingApplication.java:15) [classes/:?]
Caused by: com.mysql.cj.exceptions.CJCommunicationsException: Communications link failure

The last packet sent successfully to the server was 0 milliseconds ago. The driver has not received any packets from the server.
	at sun.reflect.NativeConstructorAccessorImpl.newInstance0(Native Method) ~[?:1.8.0_221]
	at sun.reflect.NativeConstructorAccessorImpl.newInstance(NativeConstructorAccessorImpl.java:62) ~[?:1.8.0_221]
	at sun.reflect.DelegatingConstructorAccessorImpl.newInstance(DelegatingConstructorAccessorImpl.java:45) ~[?:1.8.0_221]
	at java.lang.reflect.Constructor.newInstance(Constructor.java:423) ~[?:1.8.0_221]
	at com.mysql.cj.exceptions.ExceptionFactory.createException(ExceptionFactory.java:61) ~[mysql-connector-java-8.0.20.jar:8.0.20]
	at com.mysql.cj.exceptions.ExceptionFactory.createException(ExceptionFactory.java:105) ~[mysql-connector-java-8.0.20.jar:8.0.20]
	at com.mysql.cj.exceptions.ExceptionFactory.createException(ExceptionFactory.java:151) ~[mysql-connector-java-8.0.20.jar:8.0.20]
	at com.mysql.cj.exceptions.ExceptionFactory.createCommunicationsException(ExceptionFactory.java:167) ~[mysql-connector-java-8.0.20.jar:8.0.20]
	at com.mysql.cj.protocol.a.NativeProtocol.negotiateSSLConnection(NativeProtocol.java:334) ~[mysql-connector-java-8.0.20.jar:8.0.20]
	at com.mysql.cj.protocol.a.NativeAuthenticationProvider.connect(NativeAuthenticationProvider.java:164) ~[mysql-connector-java-8.0.20.jar:8.0.20]
	at com.mysql.cj.protocol.a.NativeProtocol.connect(NativeProtocol.java:1342) ~[mysql-connector-java-8.0.20.jar:8.0.20]
	at com.mysql.cj.NativeSession.connect(NativeSession.java:157) ~[mysql-connector-java-8.0.20.jar:8.0.20]
	at com.mysql.cj.jdbc.ConnectionImpl.connectOneTryOnly(ConnectionImpl.java:956) ~[mysql-connector-java-8.0.20.jar:8.0.20]
	at com.mysql.cj.jdbc.ConnectionImpl.createNewIO(ConnectionImpl.java:826) ~[mysql-connector-java-8.0.20.jar:8.0.20]
	... 71 more
Caused by: java.net.SocketException: Connection reset
	at java.net.SocketInputStream.read(SocketInputStream.java:210) ~[?:1.8.0_221]
	at java.net.SocketInputStream.read(SocketInputStream.java:141) ~[?:1.8.0_221]
	at sun.security.ssl.InputRecord.readFully(InputRecord.java:465) ~[?:1.8.0_221]
	at sun.security.ssl.InputRecord.read(InputRecord.java:503) ~[?:1.8.0_221]
	at sun.security.ssl.SSLSocketImpl.readRecord(SSLSocketImpl.java:975) ~[?:1.8.0_221]
	at sun.security.ssl.SSLSocketImpl.performInitialHandshake(SSLSocketImpl.java:1367) ~[?:1.8.0_221]
	at sun.security.ssl.SSLSocketImpl.startHandshake(SSLSocketImpl.java:1395) ~[?:1.8.0_221]
	at sun.security.ssl.SSLSocketImpl.startHandshake(SSLSocketImpl.java:1379) ~[?:1.8.0_221]
	at com.mysql.cj.protocol.ExportControlled.performTlsHandshake(ExportControlled.java:336) ~[mysql-connector-java-8.0.20.jar:8.0.20]
	at com.mysql.cj.protocol.StandardSocketFactory.performTlsHandshake(StandardSocketFactory.java:188) ~[mysql-connector-java-8.0.20.jar:8.0.20]
	at com.mysql.cj.protocol.a.NativeSocketConnection.performTlsHandshake(NativeSocketConnection.java:99) ~[mysql-connector-java-8.0.20.jar:8.0.20]
	at com.mysql.cj.protocol.a.NativeProtocol.negotiateSSLConnection(NativeProtocol.java:325) ~[mysql-connector-java-8.0.20.jar:8.0.20]
	at com.mysql.cj.protocol.a.NativeAuthenticationProvider.connect(NativeAuthenticationProvider.java:164) ~[mysql-connector-java-8.0.20.jar:8.0.20]
	at com.mysql.cj.protocol.a.NativeProtocol.connect(NativeProtocol.java:1342) ~[mysql-connector-java-8.0.20.jar:8.0.20]
	at com.mysql.cj.NativeSession.connect(NativeSession.java:157) ~[mysql-connector-java-8.0.20.jar:8.0.20]
	at com.mysql.cj.jdbc.ConnectionImpl.connectOneTryOnly(ConnectionImpl.java:956) ~[mysql-connector-java-8.0.20.jar:8.0.20]
	at com.mysql.cj.jdbc.ConnectionImpl.createNewIO(ConnectionImpl.java:826) ~[mysql-connector-java-8.0.20.jar:8.0.20]
	... 71 more
15:26:18.287 [main] INFO  com.alibaba.druid.pool.DruidDataSource - {dataSource-1} inited
15:26:18.291 [main] INFO  org.apache.catalina.core.StandardService - Stopping service [Tomcat]
15:26:59.301 [main] INFO  com.ayuan.staging.StagingApplication - Starting StagingApplication on LAPTOP-K1JH64NC with PID 13120 (D:\MYPROJECT\staging\target\classes started by sYuan in D:\MYPROJECT\staging)
15:26:59.308 [main] INFO  com.ayuan.staging.StagingApplication - The following profiles are active: test
15:27:00.091 [main] INFO  org.apache.coyote.http11.Http11NioProtocol - Initializing ProtocolHandler ["http-nio-9999"]
15:27:00.091 [main] INFO  org.apache.catalina.core.StandardService - Starting service [Tomcat]
15:27:00.091 [main] INFO  org.apache.catalina.core.StandardEngine - Starting Servlet engine: [Apache Tomcat/9.0.37]
15:27:00.093 [main] INFO  org.apache.catalina.core.AprLifecycleListener - Loaded Apache Tomcat Native library [1.2.23] using APR version [1.7.0].
15:27:00.093 [main] INFO  org.apache.catalina.core.AprLifecycleListener - APR capabilities: IPv6 [true], sendfile [true], accept filters [false], random [true].
15:27:00.093 [main] INFO  org.apache.catalina.core.AprLifecycleListener - APR/OpenSSL configuration: useAprConnector [false], useOpenSSL [true]
15:27:00.096 [main] INFO  org.apache.catalina.core.AprLifecycleListener - OpenSSL successfully initialized [OpenSSL 1.1.1c  28 May 2019]
15:27:00.162 [main] INFO  org.apache.catalina.core.ContainerBase.[Tomcat].[localhost].[/] - Initializing Spring embedded WebApplicationContext
15:27:00.265 [main] INFO  com.alibaba.druid.spring.boot.autoconfigure.DruidDataSourceAutoConfigure - Init DruidDataSource
15:27:00.801 [main] INFO  com.alibaba.druid.pool.DruidDataSource - {dataSource-1} inited
15:27:01.143 [main] INFO  springfox.documentation.spring.web.PropertySourcedRequestMappingHandlerMapping - Mapped URL path [/v2/api-docs] onto method [springfox.documentation.swagger2.web.Swagger2Controller#getDocumentation(String, HttpServletRequest)]
15:27:01.246 [main] INFO  org.apache.coyote.http11.Http11NioProtocol - Starting ProtocolHandler ["http-nio-9999"]
15:27:01.266 [main] INFO  springfox.documentation.spring.web.plugins.DocumentationPluginsBootstrapper - Context refreshed
15:27:01.285 [main] INFO  springfox.documentation.spring.web.plugins.DocumentationPluginsBootstrapper - Found 1 custom documentation plugin(s)
15:27:01.309 [main] INFO  springfox.documentation.spring.web.scanners.ApiListingReferenceScanner - Scanning for api listing references
15:27:01.417 [main] INFO  com.ayuan.staging.StagingApplication - Started StagingApplication in 2.481 seconds (JVM running for 3.308)
15:27:10.137 [http-nio-9999-exec-1] INFO  org.apache.catalina.core.ContainerBase.[Tomcat].[localhost].[/] - Initializing Spring DispatcherServlet 'dispatcherServlet'
15:27:16.535 [http-nio-9999-exec-6] INFO  com.ayuan.staging.controller.HelloController - info
15:27:16.535 [http-nio-9999-exec-6] WARN  com.ayuan.staging.controller.HelloController - warn
15:27:16.535 [http-nio-9999-exec-6] ERROR com.ayuan.staging.controller.HelloController - error
